 
[Wed, 05 Dec 18 14:53:13 +0100][CRITICAL] ++++Création du ici 
[Wed, 05 Dec 18 14:53:39 +0100][CRITICAL] ++++Création du ici 24
[Wed, 05 Dec 18 14:55:23 +0100][CRITICAL] ++++Création du ici 24
[Wed, 05 Dec 18 14:56:05 +0100][CRITICAL] ++++Création du ici 24
[Wed, 05 Dec 18 14:56:42 +0100][CRITICAL] ++++Création du ici 24
[Wed, 05 Dec 18 14:56:42 +0100][CRITICAL] ****Création du ici 
[Wed, 05 Dec 18 14:58:11 +0100][CRITICAL] ++++Création du ici 24
[Wed, 05 Dec 18 14:58:57 +0100][CRITICAL] ++++Création du ici 24
[Wed, 05 Dec 18 14:59:24 +0100][CRITICAL] ++++Création du ici 24
[Wed, 05 Dec 18 14:59:24 +0100][CRITICAL] ****Création du ici 
[Wed, 05 Dec 18 15:01:26 +0100][CRITICAL] ++++Création du ici 24
[Wed, 05 Dec 18 15:01:26 +0100][CRITICAL] ****Création du ici 
[Wed, 05 Dec 18 15:08:36 +0100][CRITICAL] ++++Création du ici 24
[Wed, 05 Dec 18 15:08:36 +0100][CRITICAL] ****Création du ici  
[Wed, 05 Dec 18 22:26:57 +0100][CRITICAL] Création du chathystory 30
[Wed, 05 Dec 18 22:29:08 +0100][CRITICAL] Création du chathystory 31
[Wed, 05 Dec 18 22:29:08 +0100][CRITICAL]  11001
[Wed, 05 Dec 18 22:30:46 +0100][CRITICAL] Création du chathystory 32
[Wed, 05 Dec 18 22:30:46 +0100][CRITICAL]  11001
[Wed, 05 Dec 18 22:31:36 +0100][CRITICAL] Création du chathystory 33
[Wed, 05 Dec 18 22:34:24 +0100][CRITICAL] Création du chathystory 34
[Wed, 05 Dec 18 22:34:24 +0100][CRITICAL] ===
[Wed, 05 Dec 18 22:34:24 +0100][CRITICAL]  11001
[Wed, 05 Dec 18 22:38:42 +0100][CRITICAL] Création du chathystory 35
[Wed, 05 Dec 18 22:38:42 +0100][CRITICAL] ===
[Wed, 05 Dec 18 22:38:42 +0100][CRITICAL]  11001
[Wed, 05 Dec 18 22:40:06 +0100][CRITICAL] Création du chathystory 36
[Wed, 05 Dec 18 22:41:12 +0100][CRITICAL] Création du chathystory 37
[Wed, 05 Dec 18 22:41:12 +0100][CRITICAL] ===
[Wed, 05 Dec 18 22:41:12 +0100][CRITICAL]  11001
[Wed, 05 Dec 18 22:42:13 +0100][CRITICAL] Création du chathystory 38
[Wed, 05 Dec 18 22:42:13 +0100][CRITICAL] ===
[Wed, 05 Dec 18 22:42:13 +0100][CRITICAL]  11001   
[Sun, 09 Dec 18 17:50:27 +0100][CRITICAL] 13 vers 14
[Sun, 09 Dec 18 17:50:40 +0100][CRITICAL] 14 vers 12
[Sun, 09 Dec 18 17:52:52 +0100][CRITICAL] 14 vers 13
[Sun, 09 Dec 18 17:53:57 +0100][CRITICAL] 14 vers 12
[Sun, 09 Dec 18 17:56:39 +0100][CRITICAL] 14 vers 13
[Sun, 09 Dec 18 17:56:42 +0100][CRITICAL] 14 vers 14
[Sun, 09 Dec 18 17:56:44 +0100][CRITICAL] 14 vers 15
[Sun, 09 Dec 18 17:56:46 +0100][CRITICAL] 14 vers 16
[Sun, 09 Dec 18 17:56:47 +0100][CRITICAL] 14 vers 12
[Sun, 09 Dec 18 17:57:28 +0100][CRITICAL] 14 vers 13
[Sun, 09 Dec 18 17:57:29 +0100][CRITICAL] 14 vers 14
[Sun, 09 Dec 18 17:57:52 +0100][CRITICAL] 14 vers 13
[Sun, 09 Dec 18 17:57:54 +0100][CRITICAL] 14 vers 14
[Sun, 09 Dec 18 17:57:55 +0100][CRITICAL] 14 vers 15
[Sun, 09 Dec 18 17:57:56 +0100][CRITICAL] 14 vers 12
[Sun, 09 Dec 18 17:57:58 +0100][CRITICAL] 14 vers 13
[Sun, 09 Dec 18 17:57:59 +0100][CRITICAL] 14 vers 14
[Sun, 09 Dec 18 17:58:25 +0100][CRITICAL] 14 vers 13
[Sun, 09 Dec 18 17:58:32 +0100][CRITICAL] 14 vers 12
[Sun, 09 Dec 18 17:58:33 +0100][CRITICAL] 14 vers 15
[Sun, 09 Dec 18 17:58:34 +0100][CRITICAL] 14 vers 14
[Sun, 09 Dec 18 17:58:35 +0100][CRITICAL] 14 vers 13
[Sun, 09 Dec 18 17:58:47 +0100][CRITICAL] 14 vers 12
[Sun, 09 Dec 18 18:15:42 +0100][CRITICAL]  vers 
[Sun, 09 Dec 18 18:15:42 +0100][CRITICAL] 14 vers 13
[Sun, 09 Dec 18 18:15:45 +0100][CRITICAL] 14 vers 14
[Sun, 09 Dec 18 18:15:46 +0100][CRITICAL] 14 vers 12
[Sun, 09 Dec 18 18:15:48 +0100][CRITICAL] 14 vers 13
[Sun, 09 Dec 18 18:15:49 +0100][CRITICAL] 14 vers 14
[Sun, 09 Dec 18 18:15:49 +0100][CRITICAL] 14 vers 15
[Sun, 09 Dec 18 18:15:50 +0100][CRITICAL] 14 vers 16
[Sun, 09 Dec 18 18:15:52 +0100][CRITICAL] 14 vers 12
[Sun, 09 Dec 18 18:15:52 +0100][CRITICAL] 14 vers 13
[Sun, 09 Dec 18 18:15:56 +0100][CRITICAL] 14 vers 12
[Sun, 09 Dec 18 18:16:18 +0100][CRITICAL] 14 vers 13
[Sun, 09 Dec 18 18:16:19 +0100][CRITICAL] 14 vers 12
[Sun, 09 Dec 18 18:46:08 +0100][CRITICAL]  vers 
[Sun, 09 Dec 18 18:46:08 +0100][CRITICAL] 14 vers 12
[Sun, 09 Dec 18 18:57:42 +0100][CRITICAL]  vers 
[Sun, 09 Dec 18 18:57:42 +0100][CRITICAL] 14 vers 12
[Sun, 09 Dec 18 18:58:21 +0100][CRITICAL] 14 vers 13
[Sun, 09 Dec 18 18:58:23 +0100][CRITICAL] 14 vers 12
[Sun, 09 Dec 18 20:31:20 +0100][CRITICAL]  testetstst
[Sun, 09 Dec 18 20:33:32 +0100][CRITICAL]  testetstst
[Sun, 09 Dec 18 20:34:16 +0100][CRITICAL]  testetstst
[Sun, 09 Dec 18 20:34:16 +0100][CRITICAL]  dfsdfdfs
[Sun, 09 Dec 18 20:35:11 +0100][CRITICAL] could not find driver
[Sun, 09 Dec 18 20:48:01 +0100][CRITICAL] could not find driver
[Sun, 09 Dec 18 21:01:13 +0100][CRITICAL] could not find driver
[Sun, 09 Dec 18 21:01:38 +0100][CRITICAL] could not find driver
[Sun, 09 Dec 18 21:09:25 +0100][CRITICAL]  vers 
[Sun, 09 Dec 18 21:09:26 +0100][CRITICAL] 14 vers 16
[Sun, 09 Dec 18 21:09:32 +0100][CRITICAL] 14 vers 12
[Sun, 09 Dec 18 21:09:35 +0100][CRITICAL] 14 vers 13
[Sun, 09 Dec 18 21:09:36 +0100][CRITICAL] 14 vers 14
[Sun, 09 Dec 18 21:09:37 +0100][CRITICAL] 14 vers 15
[Sun, 09 Dec 18 21:09:38 +0100][CRITICAL] 14 vers 16
[Sun, 09 Dec 18 21:09:39 +0100][CRITICAL] 14 vers 12
[Sun, 09 Dec 18 21:34:06 +0100][CRITICAL]  vers 
[Sun, 09 Dec 18 21:34:07 +0100][CRITICAL] 14 vers 16
[Sun, 09 Dec 18 21:34:25 +0100][CRITICAL] 14 vers 15
[Sun, 09 Dec 18 21:34:30 +0100][CRITICAL] 14 vers 12
[Sun, 09 Dec 18 21:34:33 +0100][CRITICAL] 14 vers 13
[Sun, 09 Dec 18 21:34:35 +0100][CRITICAL] 14 vers 14
[Sun, 09 Dec 18 21:34:38 +0100][CRITICAL] 14 vers 15
[Sun, 09 Dec 18 21:35:09 +0100][CRITICAL] 14 vers 16
[Sun, 09 Dec 18 21:35:14 +0100][CRITICAL] 14 vers 12
[Sun, 09 Dec 18 21:35:21 +0100][CRITICAL] 14 vers 12
[Sun, 09 Dec 18 21:37:27 +0100][CRITICAL]  vers 
[Sun, 09 Dec 18 21:37:27 +0100][CRITICAL] 14 vers 12
[Sun, 09 Dec 18 21:39:15 +0100][CRITICAL] 14 vers 12
[Sun, 09 Dec 18 21:39:16 +0100][CRITICAL] 14 vers 12
[Sun, 09 Dec 18 21:40:50 +0100][CRITICAL] 14 vers 12
[Sun, 09 Dec 18 21:40:50 +0100][CRITICAL] 14 vers 12
[Sun, 09 Dec 18 21:40:57 +0100][CRITICAL] Création du chathystory 39
[Sun, 09 Dec 18 21:41:04 +0100][CRITICAL] 14 vers 13
[Sun, 09 Dec 18 21:41:05 +0100][CRITICAL] 14 vers 12
[Sun, 09 Dec 18 21:41:09 +0100][CRITICAL] 14 vers 16
[Sun, 09 Dec 18 21:41:11 +0100][CRITICAL] 14 vers 12
[Sun, 09 Dec 18 21:44:23 +0100][CRITICAL] 14 vers 13
[Sun, 09 Dec 18 21:44:24 +0100][CRITICAL] 14 vers 12
[Sun, 09 Dec 18 21:44:54 +0100][CRITICAL] 14 vers 12
[Sun, 09 Dec 18 21:44:55 +0100][CRITICAL]  vers 
[Sun, 09 Dec 18 21:44:55 +0100][CRITICAL] 14 vers 12
[Sun, 09 Dec 18 21:45:06 +0100][CRITICAL] Création du chathystory 40
[Sun, 09 Dec 18 21:45:20 +0100][CRITICAL] 14 vers 13
[Sun, 09 Dec 18 21:45:21 +0100][CRITICAL] 14 vers 12
[Sun, 09 Dec 18 21:45:41 +0100][CRITICAL] 14 vers 12
[Sun, 09 Dec 18 21:45:56 +0100][CRITICAL] 14 vers 13
[Sun, 09 Dec 18 21:45:56 +0100][CRITICAL] 14 vers 12
[Sun, 09 Dec 18 21:46:04 +0100][CRITICAL] 14 vers 13
[Sun, 09 Dec 18 21:46:05 +0100][CRITICAL] 14 vers 14
[Sun, 09 Dec 18 21:46:06 +0100][CRITICAL] 14 vers 15
[Sun, 09 Dec 18 21:46:07 +0100][CRITICAL] 14 vers 16
[Sun, 09 Dec 18 21:46:08 +0100][CRITICAL] 14 vers 15
[Sun, 09 Dec 18 21:46:16 +0100][CRITICAL] Création du chathystory 41
[Sun, 09 Dec 18 21:46:19 +0100][CRITICAL] 14 vers 14
[Sun, 09 Dec 18 21:46:20 +0100][CRITICAL] 14 vers 15
[Sun, 09 Dec 18 21:46:21 +0100][CRITICAL] 14 vers 16
[Sun, 09 Dec 18 21:46:22 +0100][CRITICAL] 14 vers 15
[Sun, 09 Dec 18 21:46:25 +0100][CRITICAL] 14 vers 13
[Sun, 09 Dec 18 21:46:27 +0100][CRITICAL] 14 vers 12
[Sun, 09 Dec 18 21:46:37 +0100][CRITICAL] 14 vers 12
[Sun, 09 Dec 18 21:47:02 +0100][CRITICAL] 14 vers 13
[Sun, 09 Dec 18 21:47:03 +0100][CRITICAL] 14 vers 12
[Sun, 09 Dec 18 21:48:06 +0100][CRITICAL] 14 vers 16
[Sun, 09 Dec 18 21:48:07 +0100][CRITICAL] 14 vers 15
[Sun, 09 Dec 18 21:48:09 +0100][CRITICAL] 14 vers 14
[Sun, 09 Dec 18 21:48:10 +0100][CRITICAL] 14 vers 13
[Sun, 09 Dec 18 21:48:11 +0100][CRITICAL] 14 vers 12
[Sun, 09 Dec 18 21:49:22 +0100][CRITICAL] 14 vers 13
[Sun, 09 Dec 18 21:49:33 +0100][CRITICAL] 14 vers 12
[Sun, 09 Dec 18 21:49:53 +0100][CRITICAL] 14 vers 13
[Sun, 09 Dec 18 21:49:56 +0100][CRITICAL] 14 vers 12
[Sun, 09 Dec 18 21:50:04 +0100][CRITICAL] 14 vers 13
[Sun, 09 Dec 18 21:50:06 +0100][CRITICAL] 14 vers 12
[Sun, 09 Dec 18 21:53:50 +0100][CRITICAL] 14 vers 13
[Sun, 09 Dec 18 21:56:27 +0100][CRITICAL]  vers 
[Sun, 09 Dec 18 21:56:27 +0100][CRITICAL] 14 vers 12
[Sun, 09 Dec 18 21:57:26 +0100][CRITICAL]  vers 
[Sun, 09 Dec 18 21:57:27 +0100][CRITICAL] 14 vers 13
[Sun, 09 Dec 18 21:57:28 +0100][CRITICAL] 14 vers 12
[Sun, 09 Dec 18 21:57:33 +0100][CRITICAL] 14 vers 12
[Sun, 09 Dec 18 21:58:26 +0100][CRITICAL] 14 vers 14
[Sun, 09 Dec 18 21:58:31 +0100][CRITICAL] 14 vers 13
[Sun, 09 Dec 18 21:58:35 +0100][CRITICAL] 14 vers 12
[Sun, 09 Dec 18 22:02:00 +0100][CRITICAL] 14 vers 12
[Sun, 09 Dec 18 22:02:07 +0100][CRITICAL] Création du chathystory 42
[Sun, 09 Dec 18 22:02:46 +0100][CRITICAL] 14 vers 15
[Sun, 09 Dec 18 22:02:59 +0100][CRITICAL] 14 vers 13
[Sun, 09 Dec 18 22:04:42 +0100][CRITICAL] 14 vers 12
[Sun, 09 Dec 18 22:04:52 +0100][CRITICAL] 14 vers 12
[Sun, 09 Dec 18 22:04:56 +0100][CRITICAL] 14 vers 13
[Sun, 09 Dec 18 22:05:14 +0100][CRITICAL] 14 vers 12
[Sun, 09 Dec 18 22:07:52 +0100][CRITICAL] 14 vers 12
[Sun, 09 Dec 18 22:08:21 +0100][CRITICAL] 14 vers 12
[Sun, 09 Dec 18 22:08:22 +0100][CRITICAL] 14 vers 13
[Sun, 09 Dec 18 22:08:26 +0100][CRITICAL] 14 vers 16
[Sun, 09 Dec 18 22:08:27 +0100][CRITICAL] 14 vers 12
[Sun, 09 Dec 18 22:08:46 +0100][CRITICAL] 14 vers 12
[Sun, 09 Dec 18 22:09:46 +0100][CRITICAL] 14 vers 12
[Sun, 09 Dec 18 22:09:47 +0100][CRITICAL] 14 vers 13
[Sun, 09 Dec 18 22:09:49 +0100][CRITICAL] 14 vers 12
[Sun, 09 Dec 18 22:09:51 +0100][CRITICAL] 14 vers 13
[Sun, 09 Dec 18 22:09:52 +0100][CRITICAL] 14 vers 12
[Sun, 09 Dec 18 22:10:24 +0100][CRITICAL] 14 vers 12
[Sun, 09 Dec 18 22:10:39 +0100][CRITICAL] 14 vers 12
[Sun, 09 Dec 18 22:10:53 +0100][CRITICAL] 14 vers 12
[Sun, 09 Dec 18 22:11:16 +0100][CRITICAL] 14 vers 12
[Sun, 09 Dec 18 22:11:35 +0100][CRITICAL] 14 vers 14
[Sun, 09 Dec 18 22:11:37 +0100][CRITICAL] 14 vers 13
[Sun, 09 Dec 18 22:11:38 +0100][CRITICAL] 14 vers 12
[Sun, 09 Dec 18 22:12:03 +0100][CRITICAL] 14 vers 12
[Sun, 09 Dec 18 22:12:13 +0100][CRITICAL] 14 vers 12
[Sun, 09 Dec 18 22:12:15 +0100][CRITICAL] 14 vers 13
[Sun, 09 Dec 18 22:12:16 +0100][CRITICAL] 14 vers 12
[Sun, 09 Dec 18 22:12:17 +0100][CRITICAL] 14 vers 13
[Sun, 09 Dec 18 22:12:18 +0100][CRITICAL] 14 vers 12
[Sun, 09 Dec 18 22:12:23 +0100][CRITICAL] 14 vers 13
[Sun, 09 Dec 18 22:12:24 +0100][CRITICAL] 14 vers 12
[Sun, 09 Dec 18 22:12:26 +0100][CRITICAL] 14 vers 14
[Sun, 09 Dec 18 22:12:27 +0100][CRITICAL] 14 vers 12
[Sun, 09 Dec 18 22:18:20 +0100][CRITICAL]  vers 
[Sun, 09 Dec 18 22:18:20 +0100][CRITICAL] 13 vers 12
[Sun, 09 Dec 18 22:18:39 +0100][CRITICAL]  vers 
[Sun, 09 Dec 18 22:18:39 +0100][CRITICAL] 13 vers 12
[Sun, 09 Dec 18 22:19:48 +0100][CRITICAL] 13 vers 12
[Sun, 09 Dec 18 22:19:54 +0100][CRITICAL] 13 vers 12
[Sun, 09 Dec 18 22:20:46 +0100][CRITICAL] 13 vers 12
[Sun, 09 Dec 18 22:20:52 +0100][CRITICAL] 12 vers 12
[Sun, 09 Dec 18 22:20:59 +0100][CRITICAL] 12 vers 13
[Sun, 09 Dec 18 22:21:05 +0100][CRITICAL] 12 vers 14
[Sun, 09 Dec 18 22:21:09 +0100][CRITICAL] 12 vers 13
[Sun, 09 Dec 18 22:21:30 +0100][CRITICAL] Création du chathystory 43
[Sun, 09 Dec 18 22:21:35 +0100][CRITICAL] 12 vers 13
[Sun, 09 Dec 18 22:21:41 +0100][CRITICAL] Création du chathystory 44
[Sun, 09 Dec 18 22:21:46 +0100][CRITICAL] 13 vers 12
[Sun, 09 Dec 18 22:24:11 +0100][CRITICAL] 12 vers 12
[Sun, 09 Dec 18 22:24:12 +0100][CRITICAL] 12 vers 12
[Sun, 09 Dec 18 22:24:13 +0100][CRITICAL] 12 vers 12
[Sun, 09 Dec 18 22:24:14 +0100][CRITICAL] 12 vers 12
[Sun, 09 Dec 18 22:24:15 +0100][CRITICAL] 12 vers 12
[Sun, 09 Dec 18 22:24:16 +0100][CRITICAL] 12 vers 12
[Sun, 09 Dec 18 22:24:17 +0100][CRITICAL] 12 vers 12
[Sun, 09 Dec 18 22:24:18 +0100][CRITICAL] 13 vers 12
[Sun, 09 Dec 18 22:24:18 +0100][CRITICAL] 12 vers 12
[Sun, 09 Dec 18 22:24:18 +0100][CRITICAL] 13 vers 12
[Sun, 09 Dec 18 22:24:19 +0100][CRITICAL] 12 vers 12
[Sun, 09 Dec 18 22:24:20 +0100][CRITICAL] 13 vers 12
[Sun, 09 Dec 18 22:24:20 +0100][CRITICAL] 12 vers 12
[Sun, 09 Dec 18 22:24:20 +0100][CRITICAL] 13 vers 12
[Sun, 09 Dec 18 22:24:21 +0100][CRITICAL] 12 vers 12
[Sun, 09 Dec 18 22:24:21 +0100][CRITICAL] 13 vers 12
[Sun, 09 Dec 18 22:24:21 +0100][CRITICAL] 13 vers 12
[Sun, 09 Dec 18 22:24:22 +0100][CRITICAL] 12 vers 12
[Sun, 09 Dec 18 22:24:22 +0100][CRITICAL] 13 vers 12
[Sun, 09 Dec 18 22:24:23 +0100][CRITICAL] 12 vers 12
[Sun, 09 Dec 18 22:24:23 +0100][CRITICAL] 12 vers 13
[Sun, 09 Dec 18 22:24:24 +0100][CRITICAL] 13 vers 12
[Sun, 09 Dec 18 22:24:24 +0100][CRITICAL] 12 vers 13
[Sun, 09 Dec 18 22:24:24 +0100][CRITICAL] 13 vers 12
[Sun, 09 Dec 18 22:24:25 +0100][CRITICAL] 12 vers 13
[Sun, 09 Dec 18 22:24:25 +0100][CRITICAL] 13 vers 12
[Sun, 09 Dec 18 22:24:26 +0100][CRITICAL] 12 vers 13
[Sun, 09 Dec 18 22:24:26 +0100][CRITICAL] 13 vers 12
[Sun, 09 Dec 18 22:24:27 +0100][CRITICAL] 12 vers 13
[Sun, 09 Dec 18 22:24:27 +0100][CRITICAL] 13 vers 12
[Sun, 09 Dec 18 22:24:28 +0100][CRITICAL] 12 vers 13
[Sun, 09 Dec 18 22:24:28 +0100][CRITICAL] 13 vers 12
[Sun, 09 Dec 18 22:24:29 +0100][CRITICAL] 12 vers 13
[Sun, 09 Dec 18 22:24:29 +0100][CRITICAL] 13 vers 12
[Sun, 09 Dec 18 22:24:30 +0100][CRITICAL] 12 vers 13
[Sun, 09 Dec 18 22:24:30 +0100][CRITICAL] 13 vers 12
[Sun, 09 Dec 18 22:24:31 +0100][CRITICAL] 12 vers 13
[Sun, 09 Dec 18 22:24:31 +0100][CRITICAL] 13 vers 12
[Sun, 09 Dec 18 22:24:32 +0100][CRITICAL] 12 vers 13
[Sun, 09 Dec 18 22:24:32 +0100][CRITICAL] 13 vers 12
[Sun, 09 Dec 18 22:24:33 +0100][CRITICAL] 12 vers 13
[Sun, 09 Dec 18 22:24:33 +0100][CRITICAL] 13 vers 12
[Sun, 09 Dec 18 22:24:34 +0100][CRITICAL] 12 vers 13
[Sun, 09 Dec 18 22:24:34 +0100][CRITICAL] 13 vers 12
[Sun, 09 Dec 18 22:24:35 +0100][CRITICAL] 12 vers 13
[Sun, 09 Dec 18 22:24:35 +0100][CRITICAL] 13 vers 12
[Sun, 09 Dec 18 22:24:36 +0100][CRITICAL] 12 vers 13
[Sun, 09 Dec 18 22:24:36 +0100][CRITICAL] 13 vers 12
[Sun, 09 Dec 18 22:24:37 +0100][CRITICAL] 12 vers 13
[Sun, 09 Dec 18 22:24:37 +0100][CRITICAL] 13 vers 12
[Sun, 09 Dec 18 22:24:38 +0100][CRITICAL] 12 vers 13
[Sun, 09 Dec 18 22:24:38 +0100][CRITICAL] 13 vers 12
[Sun, 09 Dec 18 22:24:39 +0100][CRITICAL] 12 vers 13
[Sun, 09 Dec 18 22:24:39 +0100][CRITICAL] 13 vers 12
[Sun, 09 Dec 18 22:24:40 +0100][CRITICAL] 12 vers 13
[Sun, 09 Dec 18 22:24:40 +0100][CRITICAL] 13 vers 12
[Sun, 09 Dec 18 22:24:41 +0100][CRITICAL] 12 vers 13
[Sun, 09 Dec 18 22:24:41 +0100][CRITICAL] 13 vers 12
[Sun, 09 Dec 18 22:24:42 +0100][CRITICAL] 12 vers 13
[Sun, 09 Dec 18 22:24:42 +0100][CRITICAL] 13 vers 12
[Sun, 09 Dec 18 22:24:43 +0100][CRITICAL] 12 vers 13
[Sun, 09 Dec 18 22:24:43 +0100][CRITICAL] 13 vers 12
[Sun, 09 Dec 18 22:24:44 +0100][CRITICAL] 12 vers 13
[Sun, 09 Dec 18 22:24:44 +0100][CRITICAL] 13 vers 12
[Sun, 09 Dec 18 22:24:45 +0100][CRITICAL] 12 vers 13
[Sun, 09 Dec 18 22:24:45 +0100][CRITICAL] 13 vers 12
[Sun, 09 Dec 18 22:24:46 +0100][CRITICAL] 12 vers 13
[Sun, 09 Dec 18 22:24:46 +0100][CRITICAL] 13 vers 12
[Sun, 09 Dec 18 22:24:47 +0100][CRITICAL] 12 vers 13
[Sun, 09 Dec 18 22:24:47 +0100][CRITICAL] 13 vers 12
[Sun, 09 Dec 18 22:24:48 +0100][CRITICAL] 12 vers 13
[Sun, 09 Dec 18 22:24:48 +0100][CRITICAL] 13 vers 12
[Sun, 09 Dec 18 22:24:49 +0100][CRITICAL] 12 vers 13
[Sun, 09 Dec 18 22:24:49 +0100][CRITICAL] 13 vers 12
[Sun, 09 Dec 18 22:24:50 +0100][CRITICAL] 12 vers 13
[Sun, 09 Dec 18 22:24:50 +0100][CRITICAL] 13 vers 12
[Sun, 09 Dec 18 22:24:51 +0100][CRITICAL] 12 vers 13
[Sun, 09 Dec 18 22:24:51 +0100][CRITICAL] 13 vers 12
[Sun, 09 Dec 18 22:24:52 +0100][CRITICAL] 12 vers 13
[Sun, 09 Dec 18 22:24:52 +0100][CRITICAL] 13 vers 12
[Sun, 09 Dec 18 22:24:53 +0100][CRITICAL] 12 vers 13
[Sun, 09 Dec 18 22:24:53 +0100][CRITICAL] 13 vers 12
[Sun, 09 Dec 18 22:24:54 +0100][CRITICAL] 12 vers 13
[Sun, 09 Dec 18 22:24:54 +0100][CRITICAL] 13 vers 12
[Sun, 09 Dec 18 22:24:55 +0100][CRITICAL] 12 vers 13
[Sun, 09 Dec 18 22:24:55 +0100][CRITICAL] 13 vers 12
[Sun, 09 Dec 18 22:24:56 +0100][CRITICAL] 12 vers 13
[Sun, 09 Dec 18 22:24:56 +0100][CRITICAL] 13 vers 12
[Sun, 09 Dec 18 22:24:57 +0100][CRITICAL] 12 vers 13
[Sun, 09 Dec 18 22:24:57 +0100][CRITICAL] 13 vers 12
[Sun, 09 Dec 18 22:24:58 +0100][CRITICAL] 12 vers 13
[Sun, 09 Dec 18 22:24:58 +0100][CRITICAL] 13 vers 12
[Sun, 09 Dec 18 22:24:59 +0100][CRITICAL] 12 vers 13
[Sun, 09 Dec 18 22:24:59 +0100][CRITICAL] 13 vers 12
[Sun, 09 Dec 18 22:25:00 +0100][CRITICAL] 12 vers 13
[Sun, 09 Dec 18 22:25:00 +0100][CRITICAL] 13 vers 12
[Sun, 09 Dec 18 22:25:01 +0100][CRITICAL] 12 vers 13
[Sun, 09 Dec 18 22:25:01 +0100][CRITICAL] 13 vers 12
[Sun, 09 Dec 18 22:25:02 +0100][CRITICAL] 12 vers 13
[Sun, 09 Dec 18 22:25:02 +0100][CRITICAL] 13 vers 12
[Sun, 09 Dec 18 22:25:03 +0100][CRITICAL] 12 vers 13
[Sun, 09 Dec 18 22:25:03 +0100][CRITICAL] 13 vers 12
[Sun, 09 Dec 18 22:25:04 +0100][CRITICAL] 12 vers 13
[Sun, 09 Dec 18 22:25:04 +0100][CRITICAL] 13 vers 12
[Sun, 09 Dec 18 22:25:05 +0100][CRITICAL] 12 vers 13
[Sun, 09 Dec 18 22:25:05 +0100][CRITICAL] 13 vers 12
[Sun, 09 Dec 18 22:25:06 +0100][CRITICAL] 12 vers 13
[Sun, 09 Dec 18 22:25:06 +0100][CRITICAL] 13 vers 12
[Sun, 09 Dec 18 22:25:07 +0100][CRITICAL] 12 vers 13
[Sun, 09 Dec 18 22:25:07 +0100][CRITICAL] 13 vers 12
[Sun, 09 Dec 18 22:25:08 +0100][CRITICAL] 12 vers 13
[Sun, 09 Dec 18 22:25:08 +0100][CRITICAL] 13 vers 12
[Sun, 09 Dec 18 22:25:09 +0100][CRITICAL] 12 vers 13
[Sun, 09 Dec 18 22:25:09 +0100][CRITICAL] 13 vers 12
[Sun, 09 Dec 18 22:25:10 +0100][CRITICAL] 12 vers 13
[Sun, 09 Dec 18 22:25:10 +0100][CRITICAL] 13 vers 12
[Sun, 09 Dec 18 22:25:11 +0100][CRITICAL] 12 vers 13
[Sun, 09 Dec 18 22:25:11 +0100][CRITICAL] 13 vers 12
[Sun, 09 Dec 18 22:25:12 +0100][CRITICAL] 12 vers 13
[Sun, 09 Dec 18 22:25:12 +0100][CRITICAL] 13 vers 12
[Sun, 09 Dec 18 22:25:13 +0100][CRITICAL] 12 vers 13
[Sun, 09 Dec 18 22:25:13 +0100][CRITICAL] 13 vers 12
[Sun, 09 Dec 18 22:25:17 +0100][CRITICAL] 12 vers 13
[Sun, 09 Dec 18 22:25:17 +0100][CRITICAL] 12 vers 12
[Sun, 09 Dec 18 22:25:18 +0100][CRITICAL] 12 vers 12
[Sun, 09 Dec 18 22:25:18 +0100][CRITICAL] 12 vers 13
[Sun, 09 Dec 18 22:25:19 +0100][CRITICAL] 12 vers 12
[Sun, 09 Dec 18 22:25:19 +0100][CRITICAL] 12 vers 13
[Sun, 09 Dec 18 22:25:20 +0100][CRITICAL] 13 vers 12
[Sun, 09 Dec 18 22:25:20 +0100][CRITICAL] 12 vers 12
[Sun, 09 Dec 18 22:25:20 +0100][CRITICAL] 12 vers 13
[Sun, 09 Dec 18 22:25:21 +0100][CRITICAL] 13 vers 12
[Sun, 09 Dec 18 22:25:21 +0100][CRITICAL] 13 vers 12
[Sun, 09 Dec 18 22:25:21 +0100][CRITICAL] 12 vers 12
[Sun, 09 Dec 18 22:25:21 +0100][CRITICAL] 12 vers 13
[Sun, 09 Dec 18 22:25:22 +0100][CRITICAL] 13 vers 12
[Sun, 09 Dec 18 22:25:22 +0100][CRITICAL] 13 vers 12
[Sun, 09 Dec 18 22:25:22 +0100][CRITICAL] 12 vers 14
[Sun, 09 Dec 18 22:25:22 +0100][CRITICAL] 12 vers 14
[Sun, 09 Dec 18 22:25:22 +0100][CRITICAL] 12 vers 13
[Sun, 09 Dec 18 22:25:23 +0100][CRITICAL] 13 vers 12
[Sun, 09 Dec 18 22:25:23 +0100][CRITICAL] 13 vers 12
[Sun, 09 Dec 18 22:25:23 +0100][CRITICAL] 12 vers 14
[Sun, 09 Dec 18 22:25:23 +0100][CRITICAL] 12 vers 13
[Sun, 09 Dec 18 22:25:24 +0100][CRITICAL] 13 vers 12
[Sun, 09 Dec 18 22:25:24 +0100][CRITICAL] 13 vers 12
[Sun, 09 Dec 18 22:25:24 +0100][CRITICAL] 12 vers 13
[Sun, 09 Dec 18 22:25:24 +0100][CRITICAL] 12 vers 13
[Sun, 09 Dec 18 22:25:24 +0100][CRITICAL] 12 vers 13
[Sun, 09 Dec 18 22:25:25 +0100][CRITICAL] 13 vers 12
[Sun, 09 Dec 18 22:25:25 +0100][CRITICAL] 13 vers 12
[Sun, 09 Dec 18 22:25:25 +0100][CRITICAL] 12 vers 13
[Sun, 09 Dec 18 22:25:25 +0100][CRITICAL] 12 vers 13
[Sun, 09 Dec 18 22:25:26 +0100][CRITICAL] 13 vers 12
[Sun, 09 Dec 18 22:25:26 +0100][CRITICAL] 13 vers 12
[Sun, 09 Dec 18 22:25:26 +0100][CRITICAL] 12 vers 13
[Sun, 09 Dec 18 22:25:26 +0100][CRITICAL] 12 vers 13
[Sun, 09 Dec 18 22:25:27 +0100][CRITICAL] 13 vers 12
[Sun, 09 Dec 18 22:25:27 +0100][CRITICAL] 13 vers 12
[Sun, 09 Dec 18 22:25:27 +0100][CRITICAL] 12 vers 13
[Sun, 09 Dec 18 22:25:27 +0100][CRITICAL] 12 vers 13
[Sun, 09 Dec 18 22:25:28 +0100][CRITICAL] 13 vers 12
[Sun, 09 Dec 18 22:25:28 +0100][CRITICAL] 13 vers 12
[Sun, 09 Dec 18 22:25:28 +0100][CRITICAL] 12 vers 13
[Sun, 09 Dec 18 22:25:28 +0100][CRITICAL] 12 vers 13
[Sun, 09 Dec 18 22:25:29 +0100][CRITICAL] 13 vers 12
[Sun, 09 Dec 18 22:25:29 +0100][CRITICAL] 13 vers 12
[Sun, 09 Dec 18 22:25:29 +0100][CRITICAL] 12 vers 13
[Sun, 09 Dec 18 22:25:29 +0100][CRITICAL] 12 vers 13
[Sun, 09 Dec 18 22:25:30 +0100][CRITICAL] 13 vers 12
[Sun, 09 Dec 18 22:25:30 +0100][CRITICAL] 13 vers 12
[Sun, 09 Dec 18 22:25:30 +0100][CRITICAL] 12 vers 13
[Sun, 09 Dec 18 22:25:30 +0100][CRITICAL] 12 vers 13
[Sun, 09 Dec 18 22:25:31 +0100][CRITICAL] 13 vers 12
[Sun, 09 Dec 18 22:25:31 +0100][CRITICAL] 13 vers 12
[Sun, 09 Dec 18 22:25:31 +0100][CRITICAL] 12 vers 13
[Sun, 09 Dec 18 22:25:31 +0100][CRITICAL] 12 vers 13
[Sun, 09 Dec 18 22:25:32 +0100][CRITICAL] 13 vers 12
[Sun, 09 Dec 18 22:25:32 +0100][CRITICAL] 13 vers 12
[Sun, 09 Dec 18 22:25:32 +0100][CRITICAL] 12 vers 13
[Sun, 09 Dec 18 22:25:32 +0100][CRITICAL] 12 vers 13
[Sun, 09 Dec 18 22:25:33 +0100][CRITICAL] 13 vers 12
[Sun, 09 Dec 18 22:25:33 +0100][CRITICAL] 13 vers 12
[Sun, 09 Dec 18 22:25:33 +0100][CRITICAL] 12 vers 13
[Sun, 09 Dec 18 22:25:33 +0100][CRITICAL] 12 vers 13
[Sun, 09 Dec 18 22:25:34 +0100][CRITICAL] 13 vers 12
[Sun, 09 Dec 18 22:25:34 +0100][CRITICAL] 13 vers 12
[Sun, 09 Dec 18 22:25:34 +0100][CRITICAL] 12 vers 13
[Sun, 09 Dec 18 22:25:34 +0100][CRITICAL] 12 vers 13
[Sun, 09 Dec 18 22:25:35 +0100][CRITICAL] 13 vers 12
[Sun, 09 Dec 18 22:25:35 +0100][CRITICAL] 13 vers 12
[Sun, 09 Dec 18 22:25:35 +0100][CRITICAL] 12 vers 13
[Sun, 09 Dec 18 22:25:35 +0100][CRITICAL] 12 vers 13
[Sun, 09 Dec 18 22:25:36 +0100][CRITICAL] 13 vers 12
[Sun, 09 Dec 18 22:25:36 +0100][CRITICAL] 13 vers 12
[Sun, 09 Dec 18 22:25:36 +0100][CRITICAL] 12 vers 13
[Sun, 09 Dec 18 22:25:36 +0100][CRITICAL] 12 vers 13
[Sun, 09 Dec 18 22:25:37 +0100][CRITICAL] 13 vers 12
[Sun, 09 Dec 18 22:25:37 +0100][CRITICAL] 13 vers 12
[Sun, 09 Dec 18 22:25:37 +0100][CRITICAL] 12 vers 13
[Sun, 09 Dec 18 22:25:37 +0100][CRITICAL] 12 vers 13
[Sun, 09 Dec 18 22:25:38 +0100][CRITICAL] 13 vers 12
[Sun, 09 Dec 18 22:25:38 +0100][CRITICAL] 13 vers 12
[Sun, 09 Dec 18 22:25:38 +0100][CRITICAL] 12 vers 13
[Sun, 09 Dec 18 22:25:38 +0100][CRITICAL] 12 vers 13
[Sun, 09 Dec 18 22:25:39 +0100][CRITICAL] 13 vers 12
[Sun, 09 Dec 18 22:25:39 +0100][CRITICAL] 13 vers 12
[Sun, 09 Dec 18 22:25:39 +0100][CRITICAL] 12 vers 13
[Sun, 09 Dec 18 22:25:39 +0100][CRITICAL] 12 vers 13
[Sun, 09 Dec 18 22:25:40 +0100][CRITICAL] 13 vers 12
[Sun, 09 Dec 18 22:25:40 +0100][CRITICAL] 13 vers 12
[Sun, 09 Dec 18 22:25:40 +0100][CRITICAL] 12 vers 13
[Sun, 09 Dec 18 22:25:40 +0100][CRITICAL] 12 vers 13
[Sun, 09 Dec 18 22:25:41 +0100][CRITICAL] 13 vers 12
[Sun, 09 Dec 18 22:25:41 +0100][CRITICAL] 13 vers 12
[Sun, 09 Dec 18 22:25:41 +0100][CRITICAL] 12 vers 13
[Sun, 09 Dec 18 22:25:41 +0100][CRITICAL] 12 vers 13
[Sun, 09 Dec 18 22:25:42 +0100][CRITICAL] 13 vers 12
[Sun, 09 Dec 18 22:25:42 +0100][CRITICAL] 13 vers 12
[Sun, 09 Dec 18 22:25:42 +0100][CRITICAL] 12 vers 13
[Sun, 09 Dec 18 22:25:42 +0100][CRITICAL] 12 vers 13
[Sun, 09 Dec 18 22:25:43 +0100][CRITICAL] 13 vers 12
[Sun, 09 Dec 18 22:25:43 +0100][CRITICAL] 13 vers 12
[Sun, 09 Dec 18 22:25:43 +0100][CRITICAL] 12 vers 13
[Sun, 09 Dec 18 22:25:43 +0100][CRITICAL] 12 vers 13
[Sun, 09 Dec 18 22:25:44 +0100][CRITICAL] 13 vers 12
[Sun, 09 Dec 18 22:25:44 +0100][CRITICAL] 13 vers 12
[Sun, 09 Dec 18 22:25:44 +0100][CRITICAL] 12 vers 13
[Sun, 09 Dec 18 22:25:44 +0100][CRITICAL] 12 vers 13
[Sun, 09 Dec 18 22:25:45 +0100][CRITICAL] 13 vers 12
[Sun, 09 Dec 18 22:25:45 +0100][CRITICAL] 13 vers 12
[Sun, 09 Dec 18 22:25:45 +0100][CRITICAL] 12 vers 13
[Sun, 09 Dec 18 22:25:45 +0100][CRITICAL] 12 vers 13
[Sun, 09 Dec 18 22:25:46 +0100][CRITICAL] 13 vers 12
[Sun, 09 Dec 18 22:25:46 +0100][CRITICAL] 13 vers 12
[Sun, 09 Dec 18 22:25:46 +0100][CRITICAL] 12 vers 13
[Sun, 09 Dec 18 22:25:46 +0100][CRITICAL] 12 vers 13
[Sun, 09 Dec 18 22:25:47 +0100][CRITICAL] 13 vers 12
[Sun, 09 Dec 18 22:25:47 +0100][CRITICAL] 13 vers 12
[Sun, 09 Dec 18 22:25:47 +0100][CRITICAL] 12 vers 13
[Sun, 09 Dec 18 22:25:47 +0100][CRITICAL] 12 vers 13
[Sun, 09 Dec 18 22:25:48 +0100][CRITICAL] 13 vers 12
[Sun, 09 Dec 18 22:25:48 +0100][CRITICAL] 13 vers 12
[Sun, 09 Dec 18 22:25:48 +0100][CRITICAL] 12 vers 13
[Sun, 09 Dec 18 22:25:48 +0100][CRITICAL] 12 vers 13
[Sun, 09 Dec 18 22:25:49 +0100][CRITICAL] 13 vers 12
[Sun, 09 Dec 18 22:25:49 +0100][CRITICAL] 13 vers 12
[Sun, 09 Dec 18 22:25:49 +0100][CRITICAL] 12 vers 13
[Sun, 09 Dec 18 22:25:49 +0100][CRITICAL] 12 vers 13
[Sun, 09 Dec 18 22:25:50 +0100][CRITICAL] 13 vers 12
[Sun, 09 Dec 18 22:25:50 +0100][CRITICAL] 13 vers 12
[Sun, 09 Dec 18 22:25:50 +0100][CRITICAL] 12 vers 13
[Sun, 09 Dec 18 22:25:50 +0100][CRITICAL] 12 vers 13
[Sun, 09 Dec 18 22:25:51 +0100][CRITICAL] 13 vers 12
[Sun, 09 Dec 18 22:25:51 +0100][CRITICAL] 13 vers 12
[Sun, 09 Dec 18 22:25:51 +0100][CRITICAL] 12 vers 13
[Sun, 09 Dec 18 22:25:51 +0100][CRITICAL] 12 vers 13
[Sun, 09 Dec 18 22:25:52 +0100][CRITICAL] 13 vers 12
[Sun, 09 Dec 18 22:25:52 +0100][CRITICAL] 13 vers 12
[Sun, 09 Dec 18 22:25:52 +0100][CRITICAL] 12 vers 13
[Sun, 09 Dec 18 22:25:52 +0100][CRITICAL] 12 vers 13
[Sun, 09 Dec 18 22:25:53 +0100][CRITICAL] 13 vers 12
[Sun, 09 Dec 18 22:25:53 +0100][CRITICAL] 13 vers 12
[Sun, 09 Dec 18 22:25:53 +0100][CRITICAL] 12 vers 13
[Sun, 09 Dec 18 22:25:53 +0100][CRITICAL] 12 vers 13
[Sun, 09 Dec 18 22:25:54 +0100][CRITICAL] 13 vers 12
[Sun, 09 Dec 18 22:25:54 +0100][CRITICAL] 13 vers 12
[Sun, 09 Dec 18 22:25:54 +0100][CRITICAL] 12 vers 13
[Sun, 09 Dec 18 22:25:54 +0100][CRITICAL] 12 vers 13
[Sun, 09 Dec 18 22:25:55 +0100][CRITICAL] 13 vers 12
[Sun, 09 Dec 18 22:25:55 +0100][CRITICAL] 13 vers 12
[Sun, 09 Dec 18 22:25:55 +0100][CRITICAL] 12 vers 13
[Sun, 09 Dec 18 22:25:55 +0100][CRITICAL] 12 vers 13
[Sun, 09 Dec 18 22:25:56 +0100][CRITICAL] 13 vers 12
[Sun, 09 Dec 18 22:25:56 +0100][CRITICAL] 13 vers 12
[Sun, 09 Dec 18 22:25:56 +0100][CRITICAL] 12 vers 13
[Sun, 09 Dec 18 22:25:56 +0100][CRITICAL] 12 vers 13
[Sun, 09 Dec 18 22:25:57 +0100][CRITICAL] 13 vers 12
[Sun, 09 Dec 18 22:25:57 +0100][CRITICAL] 13 vers 12
[Sun, 09 Dec 18 22:25:57 +0100][CRITICAL] 12 vers 13
[Sun, 09 Dec 18 22:25:57 +0100][CRITICAL] 12 vers 13
[Sun, 09 Dec 18 22:25:58 +0100][CRITICAL] 13 vers 12
[Sun, 09 Dec 18 22:25:58 +0100][CRITICAL] 13 vers 12
[Sun, 09 Dec 18 22:25:58 +0100][CRITICAL] 12 vers 13
[Sun, 09 Dec 18 22:25:58 +0100][CRITICAL] 12 vers 13
[Sun, 09 Dec 18 22:25:59 +0100][CRITICAL] 13 vers 12
[Sun, 09 Dec 18 22:25:59 +0100][CRITICAL] 13 vers 12
[Sun, 09 Dec 18 22:25:59 +0100][CRITICAL] 12 vers 13
[Sun, 09 Dec 18 22:25:59 +0100][CRITICAL] 12 vers 13
[Sun, 09 Dec 18 22:26:00 +0100][CRITICAL] 13 vers 12
[Sun, 09 Dec 18 22:26:00 +0100][CRITICAL] 13 vers 12
[Sun, 09 Dec 18 22:26:00 +0100][CRITICAL] 12 vers 13
[Sun, 09 Dec 18 22:26:00 +0100][CRITICAL] 12 vers 13
[Sun, 09 Dec 18 22:26:01 +0100][CRITICAL] 13 vers 12
[Sun, 09 Dec 18 22:26:01 +0100][CRITICAL] 13 vers 12
[Sun, 09 Dec 18 22:26:01 +0100][CRITICAL] 12 vers 13
[Sun, 09 Dec 18 22:26:01 +0100][CRITICAL] 12 vers 13
[Sun, 09 Dec 18 22:26:02 +0100][CRITICAL] 13 vers 12
[Sun, 09 Dec 18 22:26:02 +0100][CRITICAL] 13 vers 12
[Sun, 09 Dec 18 22:26:02 +0100][CRITICAL] 12 vers 13
[Sun, 09 Dec 18 22:26:02 +0100][CRITICAL] 12 vers 13
[Sun, 09 Dec 18 22:26:03 +0100][CRITICAL] 13 vers 12
[Sun, 09 Dec 18 22:26:03 +0100][CRITICAL] 13 vers 12
[Sun, 09 Dec 18 22:26:03 +0100][CRITICAL] 12 vers 13
[Sun, 09 Dec 18 22:26:03 +0100][CRITICAL] 12 vers 13
[Sun, 09 Dec 18 22:26:04 +0100][CRITICAL] 13 vers 12
[Sun, 09 Dec 18 22:26:04 +0100][CRITICAL] 13 vers 12
[Sun, 09 Dec 18 22:26:04 +0100][CRITICAL] 12 vers 13
[Sun, 09 Dec 18 22:26:04 +0100][CRITICAL] 12 vers 13
[Sun, 09 Dec 18 22:26:05 +0100][CRITICAL] 13 vers 12
[Sun, 09 Dec 18 22:26:05 +0100][CRITICAL] 13 vers 12
[Sun, 09 Dec 18 22:26:05 +0100][CRITICAL] 12 vers 13
[Sun, 09 Dec 18 22:26:05 +0100][CRITICAL] 12 vers 13
[Sun, 09 Dec 18 22:26:06 +0100][CRITICAL] 13 vers 12
[Sun, 09 Dec 18 22:26:06 +0100][CRITICAL] 13 vers 12
[Sun, 09 Dec 18 22:26:06 +0100][CRITICAL] 12 vers 13
[Sun, 09 Dec 18 22:26:06 +0100][CRITICAL] 12 vers 13
[Sun, 09 Dec 18 22:26:07 +0100][CRITICAL] 13 vers 12
[Sun, 09 Dec 18 22:26:07 +0100][CRITICAL] 13 vers 12
[Sun, 09 Dec 18 22:26:07 +0100][CRITICAL] 12 vers 13
[Sun, 09 Dec 18 22:26:07 +0100][CRITICAL] 12 vers 13
[Sun, 09 Dec 18 22:26:08 +0100][CRITICAL] 13 vers 12
[Sun, 09 Dec 18 22:26:08 +0100][CRITICAL] 13 vers 12
[Sun, 09 Dec 18 22:26:08 +0100][CRITICAL] 12 vers 13
[Sun, 09 Dec 18 22:26:08 +0100][CRITICAL] 12 vers 13
[Sun, 09 Dec 18 22:26:09 +0100][CRITICAL] 13 vers 12
[Sun, 09 Dec 18 22:26:09 +0100][CRITICAL] 13 vers 12
[Sun, 09 Dec 18 22:26:09 +0100][CRITICAL] 12 vers 13
[Sun, 09 Dec 18 22:26:09 +0100][CRITICAL] 12 vers 13
[Sun, 09 Dec 18 22:26:10 +0100][CRITICAL] 13 vers 12
[Sun, 09 Dec 18 22:26:10 +0100][CRITICAL] 13 vers 12
[Sun, 09 Dec 18 22:26:10 +0100][CRITICAL] 12 vers 13
[Sun, 09 Dec 18 22:26:10 +0100][CRITICAL] 12 vers 13
[Sun, 09 Dec 18 22:26:11 +0100][CRITICAL] 13 vers 12
[Sun, 09 Dec 18 22:26:11 +0100][CRITICAL] 13 vers 12
[Sun, 09 Dec 18 22:26:11 +0100][CRITICAL] 12 vers 13
[Sun, 09 Dec 18 22:26:11 +0100][CRITICAL] 12 vers 13
[Sun, 09 Dec 18 22:26:12 +0100][CRITICAL] 13 vers 12
[Sun, 09 Dec 18 22:26:12 +0100][CRITICAL] 13 vers 12
[Sun, 09 Dec 18 22:26:12 +0100][CRITICAL] 12 vers 13
[Sun, 09 Dec 18 22:26:12 +0100][CRITICAL] 12 vers 13
[Sun, 09 Dec 18 22:26:13 +0100][CRITICAL] 13 vers 12
[Sun, 09 Dec 18 22:26:13 +0100][CRITICAL] 13 vers 12
[Sun, 09 Dec 18 22:26:13 +0100][CRITICAL] 12 vers 13
[Sun, 09 Dec 18 22:26:13 +0100][CRITICAL] 12 vers 13
[Sun, 09 Dec 18 22:26:14 +0100][CRITICAL] 13 vers 12
[Sun, 09 Dec 18 22:26:14 +0100][CRITICAL] 13 vers 12
[Sun, 09 Dec 18 22:26:14 +0100][CRITICAL] 12 vers 13
[Sun, 09 Dec 18 22:26:14 +0100][CRITICAL] 12 vers 13
[Sun, 09 Dec 18 22:26:15 +0100][CRITICAL] 13 vers 12
[Sun, 09 Dec 18 22:26:15 +0100][CRITICAL] 13 vers 12
[Sun, 09 Dec 18 22:26:15 +0100][CRITICAL] 12 vers 13
[Sun, 09 Dec 18 22:26:15 +0100][CRITICAL] 12 vers 13
[Sun, 09 Dec 18 22:26:16 +0100][CRITICAL] 13 vers 12
[Sun, 09 Dec 18 22:26:16 +0100][CRITICAL] 13 vers 12
[Sun, 09 Dec 18 22:26:16 +0100][CRITICAL] 12 vers 13
[Sun, 09 Dec 18 22:26:16 +0100][CRITICAL] 12 vers 13
[Sun, 09 Dec 18 22:26:17 +0100][CRITICAL] 13 vers 12
[Sun, 09 Dec 18 22:26:17 +0100][CRITICAL] 13 vers 12
[Sun, 09 Dec 18 22:26:17 +0100][CRITICAL] 12 vers 13
[Sun, 09 Dec 18 22:26:17 +0100][CRITICAL] 12 vers 13
[Sun, 09 Dec 18 22:26:18 +0100][CRITICAL] 13 vers 12
[Sun, 09 Dec 18 22:26:18 +0100][CRITICAL] 13 vers 12
[Sun, 09 Dec 18 22:26:18 +0100][CRITICAL] 12 vers 13
[Sun, 09 Dec 18 22:26:18 +0100][CRITICAL] 12 vers 13
[Sun, 09 Dec 18 22:26:19 +0100][CRITICAL] 13 vers 12
[Sun, 09 Dec 18 22:26:19 +0100][CRITICAL] 13 vers 12
[Sun, 09 Dec 18 22:26:19 +0100][CRITICAL] 12 vers 13
[Sun, 09 Dec 18 22:26:19 +0100][CRITICAL] 12 vers 13
[Sun, 09 Dec 18 22:26:20 +0100][CRITICAL] 13 vers 12
[Sun, 09 Dec 18 22:26:20 +0100][CRITICAL] 13 vers 12
[Sun, 09 Dec 18 22:26:20 +0100][CRITICAL] 12 vers 13
[Sun, 09 Dec 18 22:26:20 +0100][CRITICAL] 12 vers 13
[Sun, 09 Dec 18 22:26:21 +0100][CRITICAL] 13 vers 12
[Sun, 09 Dec 18 22:26:21 +0100][CRITICAL] 13 vers 12
[Sun, 09 Dec 18 22:26:21 +0100][CRITICAL] 12 vers 13
[Sun, 09 Dec 18 22:26:21 +0100][CRITICAL] 12 vers 13
[Sun, 09 Dec 18 22:26:22 +0100][CRITICAL] 13 vers 12
[Sun, 09 Dec 18 22:26:22 +0100][CRITICAL] 13 vers 12
[Sun, 09 Dec 18 22:26:22 +0100][CRITICAL] 12 vers 13
[Sun, 09 Dec 18 22:26:22 +0100][CRITICAL] 12 vers 13
[Sun, 09 Dec 18 22:26:23 +0100][CRITICAL] 13 vers 12
[Sun, 09 Dec 18 22:26:23 +0100][CRITICAL] 13 vers 12
[Sun, 09 Dec 18 22:26:23 +0100][CRITICAL] 12 vers 13
[Sun, 09 Dec 18 22:26:23 +0100][CRITICAL] 12 vers 13
[Sun, 09 Dec 18 22:26:24 +0100][CRITICAL] 13 vers 12
[Sun, 09 Dec 18 22:26:24 +0100][CRITICAL] 13 vers 12
[Sun, 09 Dec 18 22:26:24 +0100][CRITICAL] 12 vers 13
[Sun, 09 Dec 18 22:26:24 +0100][CRITICAL] 12 vers 13
[Sun, 09 Dec 18 22:26:25 +0100][CRITICAL] 13 vers 12
[Sun, 09 Dec 18 22:26:25 +0100][CRITICAL] 13 vers 12
[Sun, 09 Dec 18 22:26:25 +0100][CRITICAL] 12 vers 13
[Sun, 09 Dec 18 22:26:25 +0100][CRITICAL] 12 vers 13
[Sun, 09 Dec 18 22:26:26 +0100][CRITICAL] 13 vers 12
[Sun, 09 Dec 18 22:26:26 +0100][CRITICAL] 13 vers 12
[Sun, 09 Dec 18 22:26:26 +0100][CRITICAL] 12 vers 13
[Sun, 09 Dec 18 22:26:26 +0100][CRITICAL] 12 vers 13
[Sun, 09 Dec 18 22:26:27 +0100][CRITICAL] 13 vers 12
[Sun, 09 Dec 18 22:26:27 +0100][CRITICAL] 13 vers 12
[Sun, 09 Dec 18 22:26:27 +0100][CRITICAL] 12 vers 13
[Sun, 09 Dec 18 22:26:27 +0100][CRITICAL] 12 vers 13
[Sun, 09 Dec 18 22:26:28 +0100][CRITICAL] 13 vers 12
[Sun, 09 Dec 18 22:26:28 +0100][CRITICAL] 13 vers 12
[Sun, 09 Dec 18 22:26:28 +0100][CRITICAL] 12 vers 13
[Sun, 09 Dec 18 22:26:28 +0100][CRITICAL] 12 vers 13
[Sun, 09 Dec 18 22:26:29 +0100][CRITICAL] 13 vers 12
[Sun, 09 Dec 18 22:26:29 +0100][CRITICAL] 13 vers 12
[Sun, 09 Dec 18 22:26:29 +0100][CRITICAL] 12 vers 13
[Sun, 09 Dec 18 22:26:29 +0100][CRITICAL] 12 vers 13
[Sun, 09 Dec 18 22:26:30 +0100][CRITICAL] 13 vers 12
[Sun, 09 Dec 18 22:26:30 +0100][CRITICAL] 13 vers 12
[Sun, 09 Dec 18 22:26:30 +0100][CRITICAL] 12 vers 13
[Sun, 09 Dec 18 22:26:30 +0100][CRITICAL] 12 vers 13
[Sun, 09 Dec 18 22:26:31 +0100][CRITICAL] 13 vers 12
[Sun, 09 Dec 18 22:26:31 +0100][CRITICAL] 13 vers 12
[Sun, 09 Dec 18 22:26:31 +0100][CRITICAL] 12 vers 13
[Sun, 09 Dec 18 22:26:31 +0100][CRITICAL] 12 vers 13
[Sun, 09 Dec 18 22:26:32 +0100][CRITICAL] 13 vers 12
[Sun, 09 Dec 18 22:26:32 +0100][CRITICAL] 13 vers 12
[Sun, 09 Dec 18 22:26:32 +0100][CRITICAL] 12 vers 13
[Sun, 09 Dec 18 22:26:32 +0100][CRITICAL] 12 vers 13
[Sun, 09 Dec 18 22:26:33 +0100][CRITICAL] 13 vers 12
[Sun, 09 Dec 18 22:26:33 +0100][CRITICAL] 13 vers 12
[Sun, 09 Dec 18 22:26:33 +0100][CRITICAL] 12 vers 13
[Sun, 09 Dec 18 22:26:33 +0100][CRITICAL] 12 vers 13
[Sun, 09 Dec 18 22:26:34 +0100][CRITICAL] 13 vers 12
[Sun, 09 Dec 18 22:26:34 +0100][CRITICAL] 13 vers 12
[Sun, 09 Dec 18 22:26:34 +0100][CRITICAL] 12 vers 13
[Sun, 09 Dec 18 22:26:34 +0100][CRITICAL] 12 vers 13
[Sun, 09 Dec 18 22:26:35 +0100][CRITICAL] 13 vers 12
[Sun, 09 Dec 18 22:26:35 +0100][CRITICAL] 13 vers 12
[Sun, 09 Dec 18 22:26:35 +0100][CRITICAL] 12 vers 13
[Sun, 09 Dec 18 22:26:35 +0100][CRITICAL] 12 vers 13
[Sun, 09 Dec 18 22:26:36 +0100][CRITICAL] 13 vers 12
[Sun, 09 Dec 18 22:26:36 +0100][CRITICAL] 13 vers 12
[Sun, 09 Dec 18 22:26:36 +0100][CRITICAL] 12 vers 13
[Sun, 09 Dec 18 22:26:36 +0100][CRITICAL] 12 vers 13
[Sun, 09 Dec 18 22:26:37 +0100][CRITICAL] 13 vers 12
[Sun, 09 Dec 18 22:26:37 +0100][CRITICAL] 13 vers 12
[Sun, 09 Dec 18 22:26:38 +0100][CRITICAL] 13 vers 12
[Sun, 09 Dec 18 22:26:38 +0100][CRITICAL] 12 vers 13
[Sun, 09 Dec 18 22:26:38 +0100][CRITICAL] 12 vers 13
[Sun, 09 Dec 18 22:26:38 +0100][CRITICAL] 13 vers 12
[Sun, 09 Dec 18 22:26:39 +0100][CRITICAL] 12 vers 13
[Sun, 09 Dec 18 22:26:39 +0100][CRITICAL] 12 vers 13
[Sun, 09 Dec 18 22:26:39 +0100][CRITICAL] 13 vers 12
[Sun, 09 Dec 18 22:26:39 +0100][CRITICAL] 13 vers 12
[Sun, 09 Dec 18 22:26:40 +0100][CRITICAL] 12 vers 13
[Sun, 09 Dec 18 22:26:40 +0100][CRITICAL] 12 vers 13
[Sun, 09 Dec 18 22:26:40 +0100][CRITICAL] 13 vers 12
[Sun, 09 Dec 18 22:26:40 +0100][CRITICAL] 13 vers 12
[Sun, 09 Dec 18 22:26:41 +0100][CRITICAL] 12 vers 13
[Sun, 09 Dec 18 22:26:41 +0100][CRITICAL] 12 vers 13
[Sun, 09 Dec 18 22:26:41 +0100][CRITICAL] 13 vers 12
[Sun, 09 Dec 18 22:26:41 +0100][CRITICAL] 13 vers 12
[Sun, 09 Dec 18 22:26:42 +0100][CRITICAL] 12 vers 13
[Sun, 09 Dec 18 22:26:42 +0100][CRITICAL] 12 vers 13
[Sun, 09 Dec 18 22:26:42 +0100][CRITICAL] 13 vers 12
[Sun, 09 Dec 18 22:26:42 +0100][CRITICAL] 13 vers 12
[Sun, 09 Dec 18 22:26:43 +0100][CRITICAL] 12 vers 13
[Sun, 09 Dec 18 22:26:43 +0100][CRITICAL] 12 vers 13
[Sun, 09 Dec 18 22:26:43 +0100][CRITICAL] 13 vers 12
[Sun, 09 Dec 18 22:26:43 +0100][CRITICAL] 13 vers 12
[Sun, 09 Dec 18 22:26:44 +0100][CRITICAL] 12 vers 13
[Sun, 09 Dec 18 22:26:44 +0100][CRITICAL] 12 vers 13
[Sun, 09 Dec 18 22:26:44 +0100][CRITICAL] 13 vers 12
[Sun, 09 Dec 18 22:26:44 +0100][CRITICAL] 13 vers 12
[Sun, 09 Dec 18 22:26:45 +0100][CRITICAL] 12 vers 13
[Sun, 09 Dec 18 22:26:45 +0100][CRITICAL] 12 vers 13
[Sun, 09 Dec 18 22:26:45 +0100][CRITICAL] 13 vers 12
[Sun, 09 Dec 18 22:26:45 +0100][CRITICAL] 13 vers 12
[Sun, 09 Dec 18 22:26:46 +0100][CRITICAL] 12 vers 13
[Sun, 09 Dec 18 22:26:46 +0100][CRITICAL] 12 vers 13
[Sun, 09 Dec 18 22:26:46 +0100][CRITICAL] 13 vers 12
[Sun, 09 Dec 18 22:26:46 +0100][CRITICAL] 13 vers 12
[Sun, 09 Dec 18 22:26:47 +0100][CRITICAL] 12 vers 13
[Sun, 09 Dec 18 22:26:47 +0100][CRITICAL] 12 vers 13
[Sun, 09 Dec 18 22:26:47 +0100][CRITICAL] 13 vers 12
[Sun, 09 Dec 18 22:26:47 +0100][CRITICAL] 13 vers 12
[Sun, 09 Dec 18 22:26:48 +0100][CRITICAL] 12 vers 13
[Sun, 09 Dec 18 22:26:48 +0100][CRITICAL] 12 vers 13
[Sun, 09 Dec 18 22:26:48 +0100][CRITICAL] 13 vers 12
[Sun, 09 Dec 18 22:26:48 +0100][CRITICAL] 13 vers 12
[Sun, 09 Dec 18 22:26:49 +0100][CRITICAL] 12 vers 13
[Sun, 09 Dec 18 22:26:49 +0100][CRITICAL] 12 vers 13
[Sun, 09 Dec 18 22:26:49 +0100][CRITICAL] 13 vers 12
[Sun, 09 Dec 18 22:26:49 +0100][CRITICAL] 13 vers 12
[Sun, 09 Dec 18 22:26:50 +0100][CRITICAL] 12 vers 13
[Sun, 09 Dec 18 22:26:50 +0100][CRITICAL] 12 vers 13
[Sun, 09 Dec 18 22:26:50 +0100][CRITICAL] 13 vers 12
[Sun, 09 Dec 18 22:26:50 +0100][CRITICAL] 13 vers 12
[Sun, 09 Dec 18 22:26:51 +0100][CRITICAL] 12 vers 13
[Sun, 09 Dec 18 22:26:51 +0100][CRITICAL] 12 vers 13
[Sun, 09 Dec 18 22:26:51 +0100][CRITICAL] 13 vers 12
[Sun, 09 Dec 18 22:26:51 +0100][CRITICAL] 13 vers 12
[Sun, 09 Dec 18 22:26:52 +0100][CRITICAL] 12 vers 13
[Sun, 09 Dec 18 22:26:52 +0100][CRITICAL] 12 vers 13
[Sun, 09 Dec 18 22:26:52 +0100][CRITICAL] 13 vers 12
[Sun, 09 Dec 18 22:26:52 +0100][CRITICAL] 13 vers 12
[Sun, 09 Dec 18 22:26:53 +0100][CRITICAL] 12 vers 13
[Sun, 09 Dec 18 22:26:53 +0100][CRITICAL] 12 vers 13
[Sun, 09 Dec 18 22:26:53 +0100][CRITICAL] 13 vers 12
[Sun, 09 Dec 18 22:26:53 +0100][CRITICAL] 13 vers 12
[Sun, 09 Dec 18 22:26:54 +0100][CRITICAL] 12 vers 13
[Sun, 09 Dec 18 22:26:54 +0100][CRITICAL] 12 vers 13
[Sun, 09 Dec 18 22:26:54 +0100][CRITICAL] 13 vers 12
[Sun, 09 Dec 18 22:26:54 +0100][CRITICAL] 13 vers 12
[Sun, 09 Dec 18 22:26:55 +0100][CRITICAL] 12 vers 13
[Sun, 09 Dec 18 22:26:55 +0100][CRITICAL] 12 vers 13
[Sun, 09 Dec 18 22:26:55 +0100][CRITICAL] 13 vers 12
[Sun, 09 Dec 18 22:26:55 +0100][CRITICAL] 13 vers 12
[Sun, 09 Dec 18 22:26:56 +0100][CRITICAL] 12 vers 13
[Sun, 09 Dec 18 22:26:56 +0100][CRITICAL] 12 vers 13
[Sun, 09 Dec 18 22:26:56 +0100][CRITICAL] 13 vers 12
[Sun, 09 Dec 18 22:26:56 +0100][CRITICAL] 13 vers 12
[Sun, 09 Dec 18 22:26:57 +0100][CRITICAL] 12 vers 13
[Sun, 09 Dec 18 22:26:57 +0100][CRITICAL] 12 vers 13
[Sun, 09 Dec 18 22:26:57 +0100][CRITICAL] 13 vers 12
[Sun, 09 Dec 18 22:26:57 +0100][CRITICAL] 13 vers 12
[Sun, 09 Dec 18 22:26:58 +0100][CRITICAL] 12 vers 13
[Sun, 09 Dec 18 22:26:58 +0100][CRITICAL] 12 vers 13
[Sun, 09 Dec 18 22:26:58 +0100][CRITICAL] 13 vers 12
[Sun, 09 Dec 18 22:26:58 +0100][CRITICAL] 13 vers 12
[Sun, 09 Dec 18 22:26:59 +0100][CRITICAL] 12 vers 13
[Sun, 09 Dec 18 22:26:59 +0100][CRITICAL] 12 vers 13
[Sun, 09 Dec 18 22:26:59 +0100][CRITICAL] 13 vers 12
[Sun, 09 Dec 18 22:26:59 +0100][CRITICAL] 13 vers 12
[Sun, 09 Dec 18 22:27:00 +0100][CRITICAL] 12 vers 13
[Sun, 09 Dec 18 22:27:00 +0100][CRITICAL] 12 vers 13
[Sun, 09 Dec 18 22:27:00 +0100][CRITICAL] 13 vers 12
[Sun, 09 Dec 18 22:27:00 +0100][CRITICAL] 13 vers 12
[Sun, 09 Dec 18 22:27:01 +0100][CRITICAL] 12 vers 13
[Sun, 09 Dec 18 22:27:01 +0100][CRITICAL] 12 vers 13
[Sun, 09 Dec 18 22:27:01 +0100][CRITICAL] 13 vers 12
[Sun, 09 Dec 18 22:27:01 +0100][CRITICAL] 13 vers 12
[Sun, 09 Dec 18 22:27:02 +0100][CRITICAL] 12 vers 13
[Sun, 09 Dec 18 22:27:02 +0100][CRITICAL] 12 vers 13
[Sun, 09 Dec 18 22:27:02 +0100][CRITICAL] 13 vers 12
[Sun, 09 Dec 18 22:27:02 +0100][CRITICAL] 13 vers 12
[Sun, 09 Dec 18 22:27:03 +0100][CRITICAL] 12 vers 13
[Sun, 09 Dec 18 22:27:03 +0100][CRITICAL] 12 vers 13
[Sun, 09 Dec 18 22:27:03 +0100][CRITICAL] 13 vers 12
[Sun, 09 Dec 18 22:27:03 +0100][CRITICAL] 13 vers 12
[Sun, 09 Dec 18 22:27:04 +0100][CRITICAL] 12 vers 13
[Sun, 09 Dec 18 22:27:04 +0100][CRITICAL] 12 vers 13
[Sun, 09 Dec 18 22:27:04 +0100][CRITICAL] 13 vers 12
[Sun, 09 Dec 18 22:27:04 +0100][CRITICAL] 13 vers 12
[Sun, 09 Dec 18 22:27:05 +0100][CRITICAL] 12 vers 13
[Sun, 09 Dec 18 22:27:05 +0100][CRITICAL] 12 vers 13
[Sun, 09 Dec 18 22:27:05 +0100][CRITICAL] 13 vers 12
[Sun, 09 Dec 18 22:27:05 +0100][CRITICAL] 13 vers 12
[Sun, 09 Dec 18 22:27:06 +0100][CRITICAL] 12 vers 13
[Sun, 09 Dec 18 22:27:06 +0100][CRITICAL] 12 vers 13
[Sun, 09 Dec 18 22:27:06 +0100][CRITICAL] 13 vers 12
[Sun, 09 Dec 18 22:27:06 +0100][CRITICAL] 13 vers 12
[Sun, 09 Dec 18 22:27:07 +0100][CRITICAL] 12 vers 13
[Sun, 09 Dec 18 22:27:07 +0100][CRITICAL] 12 vers 13
[Sun, 09 Dec 18 22:27:07 +0100][CRITICAL] 13 vers 12
[Sun, 09 Dec 18 22:27:07 +0100][CRITICAL] 13 vers 12
[Sun, 09 Dec 18 22:27:08 +0100][CRITICAL] 12 vers 13
[Sun, 09 Dec 18 22:27:08 +0100][CRITICAL] 12 vers 13
[Sun, 09 Dec 18 22:27:08 +0100][CRITICAL] 13 vers 12
[Sun, 09 Dec 18 22:27:08 +0100][CRITICAL] 13 vers 12
[Sun, 09 Dec 18 22:27:09 +0100][CRITICAL] 12 vers 13
[Sun, 09 Dec 18 22:27:09 +0100][CRITICAL] 12 vers 13
[Sun, 09 Dec 18 22:27:09 +0100][CRITICAL] 13 vers 12
[Sun, 09 Dec 18 22:27:09 +0100][CRITICAL] 13 vers 12
[Sun, 09 Dec 18 22:27:10 +0100][CRITICAL] 12 vers 13
[Sun, 09 Dec 18 22:27:10 +0100][CRITICAL] 12 vers 13
[Sun, 09 Dec 18 22:27:10 +0100][CRITICAL] 13 vers 12
[Sun, 09 Dec 18 22:27:10 +0100][CRITICAL] 13 vers 12
[Sun, 09 Dec 18 22:27:11 +0100][CRITICAL] 12 vers 13
[Sun, 09 Dec 18 22:27:11 +0100][CRITICAL] 12 vers 13
[Sun, 09 Dec 18 22:27:11 +0100][CRITICAL] 13 vers 12
[Sun, 09 Dec 18 22:27:11 +0100][CRITICAL] 13 vers 12
[Sun, 09 Dec 18 22:27:12 +0100][CRITICAL] 12 vers 13
[Sun, 09 Dec 18 22:27:12 +0100][CRITICAL] 12 vers 13
[Sun, 09 Dec 18 22:27:12 +0100][CRITICAL] 13 vers 12
[Sun, 09 Dec 18 22:27:12 +0100][CRITICAL] 13 vers 12
[Sun, 09 Dec 18 22:27:13 +0100][CRITICAL] 12 vers 13
[Sun, 09 Dec 18 22:27:13 +0100][CRITICAL] 12 vers 13
[Sun, 09 Dec 18 22:27:13 +0100][CRITICAL] 13 vers 12
[Sun, 09 Dec 18 22:27:13 +0100][CRITICAL] 13 vers 12
[Sun, 09 Dec 18 22:27:14 +0100][CRITICAL] 12 vers 13
[Sun, 09 Dec 18 22:27:14 +0100][CRITICAL] 12 vers 13
[Sun, 09 Dec 18 22:27:14 +0100][CRITICAL] 13 vers 12
[Sun, 09 Dec 18 22:27:14 +0100][CRITICAL] 13 vers 12
[Sun, 09 Dec 18 22:27:15 +0100][CRITICAL] 12 vers 13
[Sun, 09 Dec 18 22:27:15 +0100][CRITICAL] 12 vers 13
[Sun, 09 Dec 18 22:27:15 +0100][CRITICAL] 13 vers 12
[Sun, 09 Dec 18 22:27:15 +0100][CRITICAL] 13 vers 12
[Sun, 09 Dec 18 22:27:16 +0100][CRITICAL] 12 vers 13
[Sun, 09 Dec 18 22:27:16 +0100][CRITICAL] 12 vers 13
[Sun, 09 Dec 18 22:27:16 +0100][CRITICAL] 13 vers 12
[Sun, 09 Dec 18 22:27:16 +0100][CRITICAL] 13 vers 12
[Sun, 09 Dec 18 22:27:17 +0100][CRITICAL] 12 vers 13
[Sun, 09 Dec 18 22:27:17 +0100][CRITICAL] 13 vers 12
[Sun, 09 Dec 18 22:27:17 +0100][CRITICAL] 13 vers 12
[Sun, 09 Dec 18 22:27:18 +0100][CRITICAL] 12 vers 13
[Sun, 09 Dec 18 22:27:18 +0100][CRITICAL] 12 vers 13
[Sun, 09 Dec 18 22:27:18 +0100][CRITICAL] 13 vers 12
[Sun, 09 Dec 18 22:27:18 +0100][CRITICAL] 13 vers 12
[Sun, 09 Dec 18 22:27:19 +0100][CRITICAL] 12 vers 13
[Sun, 09 Dec 18 22:27:19 +0100][CRITICAL] 12 vers 13
[Sun, 09 Dec 18 22:27:19 +0100][CRITICAL] 13 vers 12
[Sun, 09 Dec 18 22:27:19 +0100][CRITICAL] 13 vers 12
[Sun, 09 Dec 18 22:27:20 +0100][CRITICAL] 12 vers 13
[Sun, 09 Dec 18 22:27:20 +0100][CRITICAL] 12 vers 13
[Sun, 09 Dec 18 22:27:20 +0100][CRITICAL] 13 vers 12
[Sun, 09 Dec 18 22:27:20 +0100][CRITICAL] 13 vers 12
[Sun, 09 Dec 18 22:27:21 +0100][CRITICAL] 12 vers 13
[Sun, 09 Dec 18 22:27:21 +0100][CRITICAL] 12 vers 13
[Sun, 09 Dec 18 22:27:21 +0100][CRITICAL] 13 vers 12
[Sun, 09 Dec 18 22:27:21 +0100][CRITICAL] 13 vers 12
[Sun, 09 Dec 18 22:27:22 +0100][CRITICAL] 12 vers 13
[Sun, 09 Dec 18 22:27:22 +0100][CRITICAL] 12 vers 13
[Sun, 09 Dec 18 22:27:22 +0100][CRITICAL] 13 vers 12
[Sun, 09 Dec 18 22:27:22 +0100][CRITICAL] 13 vers 12
[Sun, 09 Dec 18 22:27:23 +0100][CRITICAL] 12 vers 13
[Sun, 09 Dec 18 22:27:23 +0100][CRITICAL] 12 vers 13
[Sun, 09 Dec 18 22:27:23 +0100][CRITICAL] 13 vers 12
[Sun, 09 Dec 18 22:27:23 +0100][CRITICAL] 13 vers 12
[Sun, 09 Dec 18 22:27:24 +0100][CRITICAL] 12 vers 13
[Sun, 09 Dec 18 22:27:24 +0100][CRITICAL] 12 vers 13
[Sun, 09 Dec 18 22:27:24 +0100][CRITICAL] 13 vers 12
[Sun, 09 Dec 18 22:27:24 +0100][CRITICAL] 13 vers 12
[Sun, 09 Dec 18 22:27:25 +0100][CRITICAL] 12 vers 13
[Sun, 09 Dec 18 22:27:25 +0100][CRITICAL] 12 vers 13
[Sun, 09 Dec 18 22:27:25 +0100][CRITICAL] 13 vers 12
[Sun, 09 Dec 18 22:27:25 +0100][CRITICAL] 13 vers 12
[Sun, 09 Dec 18 22:27:26 +0100][CRITICAL] 12 vers 13
[Sun, 09 Dec 18 22:27:26 +0100][CRITICAL] 12 vers 13
[Sun, 09 Dec 18 22:27:26 +0100][CRITICAL] 13 vers 12
[Sun, 09 Dec 18 22:27:26 +0100][CRITICAL] 13 vers 12
[Sun, 09 Dec 18 22:27:27 +0100][CRITICAL] 12 vers 13
[Sun, 09 Dec 18 22:27:27 +0100][CRITICAL] 12 vers 13
[Sun, 09 Dec 18 22:27:27 +0100][CRITICAL] 13 vers 12
[Sun, 09 Dec 18 22:27:27 +0100][CRITICAL] 13 vers 12
[Sun, 09 Dec 18 22:27:28 +0100][CRITICAL] 12 vers 13
[Sun, 09 Dec 18 22:27:28 +0100][CRITICAL] 12 vers 13
[Sun, 09 Dec 18 22:27:28 +0100][CRITICAL] 13 vers 12
[Sun, 09 Dec 18 22:27:28 +0100][CRITICAL] 13 vers 12
[Sun, 09 Dec 18 22:27:29 +0100][CRITICAL] 12 vers 13
[Sun, 09 Dec 18 22:27:29 +0100][CRITICAL] 12 vers 13
[Sun, 09 Dec 18 22:27:29 +0100][CRITICAL] 13 vers 12
[Sun, 09 Dec 18 22:27:29 +0100][CRITICAL] 13 vers 12
[Sun, 09 Dec 18 22:27:30 +0100][CRITICAL] 12 vers 13
[Sun, 09 Dec 18 22:27:30 +0100][CRITICAL] 12 vers 13
[Sun, 09 Dec 18 22:27:30 +0100][CRITICAL] 13 vers 12
[Sun, 09 Dec 18 22:27:30 +0100][CRITICAL] 13 vers 12
[Sun, 09 Dec 18 22:27:31 +0100][CRITICAL] 12 vers 13
[Sun, 09 Dec 18 22:27:31 +0100][CRITICAL] 12 vers 13
[Sun, 09 Dec 18 22:27:31 +0100][CRITICAL] 13 vers 12
[Sun, 09 Dec 18 22:27:31 +0100][CRITICAL] 13 vers 12
[Sun, 09 Dec 18 22:27:32 +0100][CRITICAL] 12 vers 13
[Sun, 09 Dec 18 22:27:32 +0100][CRITICAL] 12 vers 13
[Sun, 09 Dec 18 22:27:32 +0100][CRITICAL] 13 vers 12
[Sun, 09 Dec 18 22:27:32 +0100][CRITICAL] 13 vers 12
[Sun, 09 Dec 18 22:27:33 +0100][CRITICAL] 12 vers 13
[Sun, 09 Dec 18 22:27:33 +0100][CRITICAL] 12 vers 13
[Sun, 09 Dec 18 22:27:33 +0100][CRITICAL] 13 vers 12
[Sun, 09 Dec 18 22:27:33 +0100][CRITICAL] 13 vers 12
[Sun, 09 Dec 18 22:27:34 +0100][CRITICAL] 12 vers 13
[Sun, 09 Dec 18 22:27:34 +0100][CRITICAL] 12 vers 13
[Sun, 09 Dec 18 22:27:34 +0100][CRITICAL] 13 vers 12
[Sun, 09 Dec 18 22:27:34 +0100][CRITICAL] 13 vers 12
